<?xml version="1.0" encoding="UTF-8"?>
<testng-results ignored="0" total="1" passed="1" failed="0" skipped="0">
  <reporter-output>
    <line>
      <![CDATA[6]]>
    </line>
    <line>
      <![CDATA[100]]>
    </line>
    <line>
      <![CDATA[139]]>
    </line>
    <line>
      <![CDATA[143]]>
    </line>
    <line>
      <![CDATA[179]]>
    </line>
    <line>
      <![CDATA[119]]>
    </line>
    <line>
      <![CDATA[159]]>
    </line>
    <line>
      <![CDATA[All products have price within limits]]>
    </line>
  </reporter-output>
  <suite started-at="2022-12-01T08:48:40 IST" name="Default suite" finished-at="2022-12-01T08:49:09 IST" duration-ms="28376">
    <groups>
    </groups>
    <test started-at="2022-12-01T08:48:40 IST" name="Default test" finished-at="2022-12-01T08:49:09 IST" duration-ms="28376">
      <class name="Scripts.validatePrice">
        <test-method is-config="true" signature="openApplication()[pri:0, instance:Scripts.validatePrice@6c80d78a]" started-at="2022-12-01T08:48:40 IST" name="openApplication" finished-at="2022-12-01T08:48:51 IST" duration-ms="10442" status="PASS">
          <reporter-output>
          </reporter-output>
        </test-method> <!-- openApplication -->
        <test-method signature="Pricebetween100And200()[pri:0, instance:Scripts.validatePrice@6c80d78a]" started-at="2022-12-01T08:48:51 IST" name="Pricebetween100And200" finished-at="2022-12-01T08:49:07 IST" duration-ms="16476" status="PASS">
          <reporter-output>
            <line>
              <![CDATA[6]]>
            </line>
            <line>
              <![CDATA[100]]>
            </line>
            <line>
              <![CDATA[139]]>
            </line>
            <line>
              <![CDATA[143]]>
            </line>
            <line>
              <![CDATA[179]]>
            </line>
            <line>
              <![CDATA[119]]>
            </line>
            <line>
              <![CDATA[159]]>
            </line>
            <line>
              <![CDATA[All products have price within limits]]>
            </line>
          </reporter-output>
        </test-method> <!-- Pricebetween100And200 -->
        <test-method is-config="true" signature="closeApplication()[pri:0, instance:Scripts.validatePrice@6c80d78a]" started-at="2022-12-01T08:49:07 IST" name="closeApplication" finished-at="2022-12-01T08:49:09 IST" duration-ms="1402" status="PASS">
          <reporter-output>
          </reporter-output>
        </test-method> <!-- closeApplication -->
      </class> <!-- Scripts.validatePrice -->
    </test> <!-- Default test -->
  </suite> <!-- Default suite -->
</testng-results>
